# JRE version: Java(TM) SE Runtime Environment (8.0_111-b14) (build 1.8.0_111-b14)
# Java VM: Java HotSpot(TM) 64-Bit Server VM (25.111-b14 mixed mode linux-amd64 compressed oops)
Heap:
 PSYoungGen      total 17920K, used 13816K [0x00000000ec300000, 0x00000000ed700000, 0x0000000100000000)
  eden space 15360K, 89% used [0x00000000ec300000,0x00000000ed07e2c0,0x00000000ed200000)
  from space 2560K, 0% used [0x00000000ed200000,0x00000000ed200000,0x00000000ed480000)
  to   space 2560K, 0% used [0x00000000ed480000,0x00000000ed480000,0x00000000ed700000)
 ParOldGen       total 24576K, used 6548K [0x00000000c4800000, 0x00000000c6000000, 0x00000000ec300000)
  object space 24576K, 26% used [0x00000000c4800000,0x00000000c4e652c0,0x00000000c6000000)
 Metaspace       used 22906K, capacity 23612K, committed 23936K, reserved 1071104K
  class space    used 2969K, capacity 3126K, committed 3200K, reserved 1048576K
GC Heap History (8 events):
Event: 0.957 GC heap before
{Heap before GC invocations=1 (full 0):
 PSYoungGen      total 17920K, used 15360K [0x00000000ec300000, 0x00000000ed700000, 0x0000000100000000)
  eden space 15360K, 100% used [0x00000000ec300000,0x00000000ed200000,0x00000000ed200000)
  from space 2560K, 0% used [0x00000000ed480000,0x00000000ed480000,0x00000000ed700000)
  to   space 2560K, 0% used [0x00000000ed200000,0x00000000ed200000,0x00000000ed480000)
 ParOldGen       total 40960K, used 0K [0x00000000c4800000, 0x00000000c7000000, 0x00000000ec300000)
  object space 40960K, 0% used [0x00000000c4800000,0x00000000c4800000,0x00000000c7000000)
 Metaspace       used 10091K, capacity 10460K, committed 10624K, reserved 1058816K
  class space    used 1247K, capacity 1368K, committed 1408K, reserved 1048576K
Event: 0.964 GC heap after
Heap after GC invocations=1 (full 0):
 PSYoungGen      total 17920K, used 2528K [0x00000000ec300000, 0x00000000ed700000, 0x0000000100000000)
  eden space 15360K, 0% used [0x00000000ec300000,0x00000000ec300000,0x00000000ed200000)
  from space 2560K, 98% used [0x00000000ed200000,0x00000000ed478050,0x00000000ed480000)
  to   space 2560K, 0% used [0x00000000ed480000,0x00000000ed480000,0x00000000ed700000)
 ParOldGen       total 40960K, used 376K [0x00000000c4800000, 0x00000000c7000000, 0x00000000ec300000)
  object space 40960K, 0% used [0x00000000c4800000,0x00000000c485e000,0x00000000c7000000)
 Metaspace       used 10091K, capacity 10460K, committed 10624K, reserved 1058816K
  class space    used 1247K, capacity 1368K, committed 1408K, reserved 1048576K
}
Event: 26.494 GC heap before
{Heap before GC invocations=2 (full 0):
 PSYoungGen      total 17920K, used 17888K [0x00000000ec300000, 0x00000000ed700000, 0x0000000100000000)
  eden space 15360K, 100% used [0x00000000ec300000,0x00000000ed200000,0x00000000ed200000)
  from space 2560K, 98% used [0x00000000ed200000,0x00000000ed478050,0x00000000ed480000)
  to   space 2560K, 0% used [0x00000000ed480000,0x00000000ed480000,0x00000000ed700000)
 ParOldGen       total 40960K, used 376K [0x00000000c4800000, 0x00000000c7000000, 0x00000000ec300000)
  object space 40960K, 0% used [0x00000000c4800000,0x00000000c485e000,0x00000000c7000000)
 Metaspace       used 15631K, capacity 16248K, committed 16512K, reserved 1062912K
  class space    used 2206K, capacity 2358K, committed 2432K, reserved 1048576K
Event: 26.511 GC heap after
Heap after GC invocations=2 (full 0):
 PSYoungGen      total 17920K, used 2544K [0x00000000ec300000, 0x00000000ed700000, 0x0000000100000000)
  eden space 15360K, 0% used [0x00000000ec300000,0x00000000ec300000,0x00000000ed200000)
  from space 2560K, 99% used [0x00000000ed480000,0x00000000ed6fc040,0x00000000ed700000)
  to   space 2560K, 0% used [0x00000000ed200000,0x00000000ed200000,0x00000000ed480000)
 ParOldGen       total 40960K, used 2884K [0x00000000c4800000, 0x00000000c7000000, 0x00000000ec300000)
  object space 40960K, 7% used [0x00000000c4800000,0x00000000c4ad1318,0x00000000c7000000)
 Metaspace       used 15631K, capacity 16248K, committed 16512K, reserved 1062912K
  class space    used 2206K, capacity 2358K, committed 2432K, reserved 1048576K
}
Event: 40.767 GC heap before
{Heap before GC invocations=3 (full 0):
 PSYoungGen      total 17920K, used 8168K [0x00000000ec300000, 0x00000000ed700000, 0x0000000100000000)
  eden space 15360K, 36% used [0x00000000ec300000,0x00000000ec87e3a8,0x00000000ed200000)
  from space 2560K, 99% used [0x00000000ed480000,0x00000000ed6fc040,0x00000000ed700000)
  to   space 2560K, 0% used [0x00000000ed200000,0x00000000ed200000,0x00000000ed480000)
 ParOldGen       total 40960K, used 2884K [0x00000000c4800000, 0x00000000c7000000, 0x00000000ec300000)
  object space 40960K, 7% used [0x00000000c4800000,0x00000000c4ad1318,0x00000000c7000000)
 Metaspace       used 20522K, capacity 21192K, committed 21296K, reserved 1067008K
  class space    used 2752K, capacity 2926K, committed 2944K, reserved 1048576K
Event: 40.774 GC heap after
Heap after GC invocations=3 (full 0):
 PSYoungGen      total 17920K, used 2528K [0x00000000ec300000, 0x00000000ed700000, 0x0000000100000000)
  eden space 15360K, 0% used [0x00000000ec300000,0x00000000ec300000,0x00000000ed200000)
  from space 2560K, 98% used [0x00000000ed200000,0x00000000ed478020,0x00000000ed480000)
  to   space 2560K, 0% used [0x00000000ed480000,0x00000000ed480000,0x00000000ed700000)
 ParOldGen       total 40960K, used 4471K [0x00000000c4800000, 0x00000000c7000000, 0x00000000ec300000)
  object space 40960K, 10% used [0x00000000c4800000,0x00000000c4c5dea0,0x00000000c7000000)
 Metaspace       used 20522K, capacity 21192K, committed 21296K, reserved 1067008K
  class space    used 2752K, capacity 2926K, committed 2944K, reserved 1048576K
}
Event: 40.774 GC heap before
{Heap before GC invocations=4 (full 1):
 PSYoungGen      total 17920K, used 2528K [0x00000000ec300000, 0x00000000ed700000, 0x0000000100000000)
  eden space 15360K, 0% used [0x00000000ec300000,0x00000000ec300000,0x00000000ed200000)
  from space 2560K, 98% used [0x00000000ed200000,0x00000000ed478020,0x00000000ed480000)
  to   space 2560K, 0% used [0x00000000ed480000,0x00000000ed480000,0x00000000ed700000)
 ParOldGen       total 40960K, used 4471K [0x00000000c4800000, 0x00000000c7000000, 0x00000000ec300000)
  object space 40960K, 10% used [0x00000000c4800000,0x00000000c4c5dea0,0x00000000c7000000)
 Metaspace       used 20522K, capacity 21192K, committed 21296K, reserved 1067008K
  class space    used 2752K, capacity 2926K, committed 2944K, reserved 1048576K
Event: 40.825 GC heap after
Heap after GC invocations=4 (full 1):
 PSYoungGen      total 17920K, used 0K [0x00000000ec300000, 0x00000000ed700000, 0x0000000100000000)
  eden space 15360K, 0% used [0x00000000ec300000,0x00000000ec300000,0x00000000ed200000)
  from space 2560K, 0% used [0x00000000ed200000,0x00000000ed200000,0x00000000ed480000)
  to   space 2560K, 0% used [0x00000000ed480000,0x00000000ed480000,0x00000000ed700000)
 ParOldGen       total 24576K, used 6548K [0x00000000c4800000, 0x00000000c6000000, 0x00000000ec300000)
  object space 24576K, 26% used [0x00000000c4800000,0x00000000c4e652c0,0x00000000c6000000)
 Metaspace       used 20522K, capacity 21192K, committed 21296K, reserved 1067008K
  class space    used 2752K, capacity 2926K, committed 2944K, reserved 1048576K
}

